12:21:45 01/09/2018 r/w  I/O per second     KBytes per sec      Svt ms   IOSz KB       Idle %
      ID       Port       Cur   Avg Max    Cur    Avg  Max   Cur   Avg  Cur  Avg Qlen Cur Avg
       0      1:6:2   t   201   201 201   3962   3962 3962 17.13 17.13 19.7 19.7    0  55  55
       1      1:6:1   t   193   193 193   5279   5279 5279 26.58 26.58 27.3 27.3    0  34  34
       2      0:6:1   t   213   213 213   5408   5408 5408 40.18 40.18 25.4 25.4    0  25  25
       3      1:6:1   t   123   123 123   2534   2534 2534 18.71 18.71 20.6 20.6    0  56  56
       4      0:6:1   t   174   174 174   5100   5100 5100 24.06 24.06 29.4 29.4    0  40  40
       5      1:6:1   t   185   185 185   3280   3280 3280 34.83 34.83 17.7 17.7    0  41  41
       6      0:6:1   t   179   179 179   4918   4918 4918 37.42 37.42 27.5 27.5    0  30  30
       7      1:6:1   t   202   202 202   5369   5369 5369 28.48 28.48 26.6 26.6    0  35  35
       8      0:6:1   t   146   146 146   4829   4829 4829 36.51 36.51 33.0 33.0    0  45  45
       9      1:6:1   t   125   125 125   3223   3223 3223 17.96 17.96 25.8 25.8    0  46  46
      10      0:6:1   t   238   238 238   5258   5258 5258 51.94 51.94 22.1 22.1    1  16  16
      11      1:6:1   t   210   210 210   4630   4630 4630 26.62 26.62 22.1 22.1    1  32  32
      12      0:6:1   t   219   219 219   5038   5038 5038 43.62 43.62 23.0 23.0    0  26  26
      13      1:6:1   t   198   198 198   4204   4204 4204 39.77 39.77 21.3 21.3    0  36  36
      14      0:6:1   t   189   189 189   4133   4133 4133 41.06 41.06 21.8 21.8    0  30  30
      15      1:6:1   t   180   180 180   3896   3896 3896 30.89 30.89 21.6 21.6    0  41  41
      16      0:6:2   t   200   200 200   4355   4355 4355 33.98 33.98 21.8 21.8    0  30  30
      17      0:6:1   t   178   178 178   5039   5039 5039 32.60 32.60 28.2 28.2    2  41  41
      18      0:6:2   t   208   208 208   6252   6252 6252 43.67 43.67 30.0 30.0    0  23  23
      19      1:6:2   t   219   219 219   4205   4205 4205 47.55 47.55 19.2 19.2    2  33  33
      20      0:6:2   t   241   241 241   5431   5431 5431 35.91 35.91 22.5 22.5    0  19  19
      21      1:6:2   t   137   137 137   2674   2674 2674 20.80 20.80 19.5 19.5    0  49  49
      22      0:6:2   t   188   188 188   4147   4147 4147 30.71 30.71 22.1 22.1    0  33  33
      23      1:6:2   t   216   216 216   5683   5683 5683 36.24 36.24 26.4 26.4    0  31  31
      24      0:6:2   t   185   185 185   4854   4854 4854 29.81 29.81 26.2 26.2    0  40  40
      25      1:6:2   t   120   120 120   3204   3204 3204 21.41 21.41 26.6 26.6    0  50  50
      26      0:6:2   t   154   154 154   4499   4499 4499 24.81 24.81 29.2 29.2    0  40  40
      27      1:6:2   t   201   201 201   4489   4489 4489 31.57 31.57 22.4 22.4    2  34  34
      28      0:6:2   t   174   174 174   4174   4174 4174 34.94 34.94 24.0 24.0    0  39  39
      29      1:6:2   t   196   196 196   4837   4837 4837 31.61 31.61 24.7 24.7    0  41  41
      30      0:6:2   t   158   158 158   4098   4098 4098 30.94 30.94 26.0 26.0    0  40  40
      31      1:6:2   t   212   212 212   4625   4625 4625 34.58 34.58 21.8 21.8    0  32  32
      32      0:6:3   t   204   204 204   4487   4487 4487 32.35 32.35 22.0 22.0    0  32  32
      33      1:6:3   t   120   120 120   3447   3447 3447 20.03 20.03 28.7 28.7    0  52  52
      34      0:6:3   t   232   232 232   6679   6679 6679 43.24 43.24 28.8 28.8    0  20  20
      35      1:6:3   t   205   205 205   4320   4320 4320 31.65 31.65 21.1 21.1    0  36  36
      36      0:6:3   t   191   191 191   4713   4713 4713 32.46 32.46 24.7 24.7    0  36  36
      37      0:6:1   t   182   182 182   3985   3985 3985 16.91 16.91 21.9 21.9    0  64  64
      38      0:6:3   t   151   151 151   4471   4471 4471 36.70 36.70 29.5 29.5    0  40  40
      39      1:6:3   t   180   180 180   3734   3734 3734 27.87 27.87 20.7 20.7    1  43  43
      40      0:6:3   t   189   189 189   4566   4566 4566 35.76 35.76 24.2 24.2    0  35  35
      41      1:6:3   t   112   112 112   2165   2165 2165 15.74 15.74 19.3 19.3    0  55  55
      42      0:6:3   t   153   153 153   4346   4346 4346 24.81 24.81 28.3 28.3    0  42  42
      43      1:6:3   t   176   176 176   4695   4695 4695 24.89 24.89 26.7 26.7    0  41  41
      44      0:6:3   t   214   214 214   4478   4478 4478 43.52 43.52 20.9 20.9    0  27  27
      45      1:6:3   t   182   182 182   3407   3407 3407 29.64 29.64 18.7 18.7    1  41  41
      46      0:6:3   t   239   239 239   5374   5374 5374 43.28 43.28 22.4 22.4    0  20  20
      47      1:6:3   t   181   181 181   4985   4985 4985 25.15 25.15 27.5 27.5    0  41  41
      48      0:6:4   t   167   167 167   4739   4739 4739 26.36 26.36 28.3 28.3    0  40  40
      49      1:6:4   t   124   124 124   3514   3514 3514 20.78 20.78 28.3 28.3    0  49  49
      50      0:6:4   t   176   176 176   4609   4609 4609 39.84 39.84 26.3 26.3    6  35  35
      51      1:6:4   t   208   208 208   4226   4226 4226 34.57 34.57 20.3 20.3    2  31  31
      52      0:6:4   t   183   183 183   4556   4556 4556 34.42 34.42 24.9 24.9    0  37  37
      53      1:6:4   t   197   197 197   4442   4442 4442 33.03 33.03 22.5 22.5    0  35  35
      54      0:6:4   t   155   155 155   3991   3991 3991 38.14 38.14 25.7 25.7    0  42  42
      55      1:6:4   t   167   167 167   3924   3924 3924 30.06 30.06 23.6 23.6    0  41  41
      56      0:6:4   t   232   232 232   4975   4975 4975 35.75 35.75 21.5 21.5    0  25  25
      57      1:6:4   t   188   188 188   3651   3651 3651 41.26 41.26 19.4 19.4    0  40  40
      58      0:6:4   t   188   188 188   5307   5307 5307 37.63 37.63 28.3 28.3    0  29  29
      59      1:6:4   t   192   192 192   5111   5111 5111 31.67 31.67 26.7 26.7    0  39  39
      60      0:6:4   t   180   180 180   3932   3932 3932 33.20 33.20 21.8 21.8    0  37  37
      61      1:6:4   t   145   145 145   2751   2751 2751 23.84 23.84 19.0 19.0    0  52  52
      62      0:6:4   t   244   244 244   5554   5554 5554 47.66 47.66 22.8 22.8    0  16  16
      63      1:6:4   t   180   180 180   4939   4939 4939 23.42 23.42 27.4 27.4    0  40  40
      64      1:6:2   t   198   198 198   5142   5142 5142 28.80 28.80 25.9 25.9    0  34  34
      65      1:6:1   t   162   162 162   4250   4250 4250 17.91 17.91 26.3 26.3    0  47  47
      66      0:6:1   t   225   225 225   5409   5409 5409 27.42 27.42 24.0 24.0    0  28  28
      67      1:6:1   t   192   192 192   4947   4947 4947 27.63 27.63 25.8 25.8    0  38  38
      68      0:6:2   t   237   237 237   5978   5978 5978 26.34 26.34 25.2 25.2    0  24  24
      69      1:6:2   t   139   139 139   3871   3871 3871 14.26 14.26 27.8 27.8    0  49  49
      70      0:6:2   t   182   182 182   5450   5450 5450 29.86 29.86 30.0 30.0    0  42  42
      71      1:6:2   t   206   206 206   5136   5136 5136 34.28 34.28 24.9 24.9    0  31  31
      72      0:6:3   t   153   153 153   4934   4934 4934 21.66 21.66 32.3 32.3    1  46  46
      73      1:6:3   t   133   133 133   3418   3418 3418 16.72 16.72 25.6 25.6    0  54  54
      74      0:6:3   t   261   261 261   6222   6222 6222 40.41 40.41 23.8 23.8    0  20  20
      75      1:6:3   t   203   203 203   4714   4714 4714 29.88 29.88 23.3 23.3    1  40  40
      76      0:6:4   t   184   184 184   5815   5815 5815 26.49 26.49 31.6 31.6    0  40  40
      77      1:6:4   t   141   141 141   3679   3679 3679 16.79 16.79 26.1 26.1    0  48  48
      78      0:6:4   t   196   196 196   5006   5006 5006 21.64 21.64 25.5 25.5    0  33  33
      79      1:6:4   t   194   194 194   4720   4720 4720 28.01 28.01 24.3 24.3    2  39  39
      80      0:6:1   t   211   211 211   5636   5636 5636 33.16 33.16 26.7 26.7    0  33  33
      81      1:6:1   t   220   220 220   5128   5128 5128 32.34 32.34 23.3 23.3    0  34  34
      82      0:6:1   t   159   159 159   6120   6120 6120 21.99 21.99 38.6 38.6    0  41  41
      83      1:6:1   t   143   143 143   3647   3647 3647 18.51 18.51 25.5 25.5    1  51  51
      84      0:6:2   t   269   269 269   6089   6089 6089 43.99 43.99 22.7 22.7    3  22  22
      85      1:6:2   t   205   205 205   4679   4679 4679 28.18 28.18 22.8 22.8    1  34  34
      86      0:6:2   t   195   195 195   7482   7482 7482 32.89 32.89 38.4 38.4    0  35  35
      87      1:6:2   t   133   133 133   3590   3590 3590 19.15 19.15 26.9 26.9    0  51  51
      88      0:6:3   t   211   211 211   5160   5160 5160 40.84 40.84 24.5 24.5    0  32  32
      89      1:6:3   t   210   210 210   5112   5112 5112 28.11 28.11 24.3 24.3    3  35  35
      90      0:6:3   t   198   198 198   7049   7049 7049 30.32 30.32 35.7 35.7    0  36  36
      91      1:6:3   t   141   141 141   3618   3618 3618 18.71 18.71 25.6 25.6    2  54  54
      92      0:6:4   t   245   245 245   5724   5724 5724 37.65 37.65 23.4 23.4    0  26  26
      93      1:6:4   t   222   222 222   4855   4855 4855 35.24 35.24 21.8 21.8    0  33  33
      94      0:6:4   t   202   202 202   7110   7110 7110 31.74 31.74 35.1 35.1    0  34  34
      95      1:6:4   t   137   137 137   3730   3730 3730 18.08 18.08 27.3 27.3    1  53  53
      96      0:6:1   t   196   196 196   5506   5506 5506 15.78 15.78 28.1 28.1    0  53  53
      97      1:6:1   t   159   159 159   3937   3937 3937 11.64 11.64 24.8 24.8    0  56  56
      98      0:6:1   t   209   209 209   7471   7471 7471 19.75 19.75 35.8 35.8    0  48  48
      99      1:6:1   t   189   189 189   3907   3907 3907 14.72 14.72 20.7 20.7    0  59  59
     100      0:6:2   t   204   204 204   5592   5592 5592 17.33 17.33 27.4 27.4    0  54  54
     101      1:6:2   t   158   158 158   3963   3963 3963 12.05 12.05 25.1 25.1    0  59  59
     102      0:6:2   t   215   215 215   8055   8055 8055 23.26 23.26 37.5 37.5    0  43  43
     104      0:6:3   t   227   227 227   5790   5790 5790 19.33 19.33 25.5 25.5    0  48  48
     105      1:6:3   t   149   149 149   3683   3683 3683  9.81  9.81 24.8 24.8    0  57  57
     106      0:6:3   t   205   205 205   7096   7096 7096 19.84 19.84 34.6 34.6    0  54  54
     107      1:6:3   t   224   224 224   4705   4705 4705 18.54 18.54 21.0 21.0    0  48  48
     108      0:6:4   t   256   256 256   6685   6685 6685 23.68 23.68 26.1 26.1    0  50  50
     109      1:6:4   t   150   150 150   3797   3797 3797 12.76 12.76 25.4 25.4    1  58  58
     110      0:6:4   t   221   221 221   8077   8077 8077 20.58 20.58 36.6 36.6    0  45  45
     111      1:6:4   t   208   208 208   4211   4211 4211 14.49 14.49 20.3 20.3    0  59  59
     112      0:6:1   t   198   198 198   5304   5304 5304 22.40 22.40 26.8 26.8    0  53  53
     113      1:6:1   t   140   140 140   3631   3631 3631 13.14 13.14 26.0 26.0    0  64  64
     114      0:6:1   t   179   179 179   4501   4501 4501 18.69 18.69 25.2 25.2    0  58  58
     115      1:6:1   t   210   210 210   4251   4251 4251 19.26 19.26 20.3 20.3    0  58  58
     116      0:6:2   t   183   183 183   5023   5023 5023 16.71 16.71 27.4 27.4    0  55  55
     117      1:6:2   t   122   122 122   3298   3298 3298 11.03 11.03 27.1 27.1    0  65  65
     118      0:6:2   t   182   182 182   4542   4542 4542 20.33 20.33 24.9 24.9    0  62  62
     119      1:6:2   t   191   191 191   4241   4241 4241 13.78 13.78 22.3 22.3    0  57  57
     120      0:6:3   t   171   171 171   4718   4718 4718 16.58 16.58 27.6 27.6    0  60  60
     121      1:6:3   t   141   141 141   3816   3816 3816 10.40 10.40 27.2 27.2    1  66  66
     122      0:6:3   t   209   209 209   4951   4951 4951 23.76 23.76 23.7 23.7    0  57  57
     123      1:6:3   t   173   173 173   3949   3949 3949 37.28 37.28 22.9 22.9    1  44  44
     124      0:6:4   t   164   164 164   4833   4833 4833 17.23 17.23 29.6 29.6    0  56  56
     125      1:6:4   t   126   126 126   3515   3515 3515 11.50 11.50 27.9 27.9    0  67  67
     126      0:6:4   t   194   194 194   4670   4670 4670 27.33 27.33 24.1 24.1    0  56  56
     127      1:6:4   t   210   210 210   4554   4554 4554 21.12 21.12 21.7 21.7    0  56  56
     128      1:6:3   t   198   198 198   4656   4656 4656 31.57 31.57 23.5 23.5    0  38  38
     129      1:6:1   t   128   128 128   3504   3504 3504 10.97 10.97 27.4 27.4    0  71  71
     130      0:6:1   t   182   182 182   5762   5762 5762 22.09 22.09 31.7 31.7    0  66  66
     131      1:6:1   t   129   129 129   4093   4093 4093 11.58 11.58 31.6 31.6    0  64  64
     132      0:6:1   t   171   171 171   3687   3687 3687 21.12 21.12 21.6 21.6    0  62  62
     133      1:6:1   t   126   126 126   3201   3201 3201 11.61 11.61 25.5 25.5    0  70  70
     134      0:6:1   t   150   150 150   5075   5075 5075 17.35 17.35 33.9 33.9    0  64  64
     135      1:6:1   t   135   135 135   4170   4170 4170 10.21 10.21 31.0 31.0    0  62  62
     136      0:6:2   t   212   212 212   4843   4843 4843 22.38 22.38 22.9 22.9    0  62  62
     137      1:6:2   t   118   118 118   2917   2917 2917 10.76 10.76 24.6 24.6    0  72  72
     138      0:6:2   t   148   148 148   4922   4922 4922 13.99 13.99 33.3 33.3    0  71  71
     139      1:6:2   t   153   153 153   4688   4688 4688 14.14 14.14 30.7 30.7    0  57  57
     140      0:6:2   t   180   180 180   3862   3862 3862 21.54 21.54 21.5 21.5    0  64  64
     141      1:6:2   t   134   134 134   3410   3410 3410 10.57 10.57 25.5 25.5    0  73  73
     142      0:6:2   t   183   183 183   5387   5387 5387 21.22 21.22 29.5 29.5    0  62  62
     143      1:6:2   t   150   150 150   4353   4353 4353 12.91 12.91 29.0 29.0    0  66  66
     144      0:6:3   t   146   146 146   3600   3600 3600 15.00 15.00 24.6 24.6    0  63  63
     145      1:6:3   t   117   117 117   2822   2822 2822 10.73 10.73 24.0 24.0    0  74  74
     146      0:6:3   t   179   179 179   5553   5553 5553 21.18 21.18 31.0 31.0    0  62  62
     147      1:6:3   t   131   131 131   4308   4308 4308 10.22 10.22 32.8 32.8    0  67  67
     148      0:6:3   t   180   180 180   3935   3935 3935 22.41 22.41 21.9 21.9    0  64  64
     149      1:6:3   t   123   123 123   3122   3122 3122 11.48 11.48 25.4 25.4    0  75  75
     150      0:6:3   t   155   155 155   5257   5257 5257 18.97 18.97 33.8 33.8    0  71  71
     151      1:6:3   t   136   136 136   4405   4405 4405  9.55  9.55 32.5 32.5    0  64  64
     152      0:6:4   t   174   174 174   4044   4044 4044 18.44 18.44 23.3 23.3    0  66  66
     153      1:6:4   t   125   125 125   3059   3059 3059 13.35 13.35 24.5 24.5    0  73  73
     154      0:6:4   t   148   148 148   4875   4875 4875 12.99 12.99 33.0 33.0    0  70  70
     155      1:6:4   t   139   139 139   4221   4221 4221 10.38 10.38 30.4 30.4    0  68  68
     156      0:6:4   t   158   158 158   3633   3633 3633 16.86 16.86 23.0 23.0    0  67  67
     157      1:6:4   t   115   115 115   3178   3178 3178  9.63  9.63 27.6 27.6    0  71  71
     158      0:6:4   t   177   177 177   5586   5586 5586 22.78 22.78 31.6 31.6    0  66  66
     159      1:6:4   t   142   142 142   4581   4581 4581 11.80 11.80 32.2 32.2    0  67  67
     160      0:6:1   t   206   206 206   4587   4587 4587 34.37 34.37 22.3 22.3    0  32  32
---------------------------------------------------------------------------------------------
     160              t 28714 28714     738683 738683      26.41 26.41 25.7 25.7   36  47  47

