 Id -State-   MsgCode ---------Time---------- Severity      --------------Type--------------- --------------------------------------------------------------------------------Message--------------------------------------------------------------------------------
519 New     0x0270001 2017-07-09 05:22:19 ECT Informational TP VV allocation size warning     Thin provisioned VV VM_srvpro01_DiscoJ has reached reserved allocation warning of 440G (80% of 550G)                                                                   
526 New     0x0270001 2017-08-21 19:41:37 ECT Informational TP VV allocation size warning     Thin provisioned VV bgr186fwr_DiscoC_D_Thin has reached reserved allocation warning of 200G (80% of 250G)                                                              
522 New     0x0270001 2017-09-25 20:28:27 ECT Informational TP VV allocation size warning     Thin provisioned VV VM_srvpro01_DiscoL has reached reserved allocation warning of 640G (80% of 800G)                                                                   
545 New     0x0100003 2017-10-12 23:12:59 ECT Informational Update available                  An Update is Available                                                                                                                                                 
523 New     0x0270001 2017-11-06 20:39:27 ECT Informational TP VV allocation size warning     Thin provisioned VV BGR186bkby_DiscoC has reached reserved allocation warning of 40G (80% of 50G)                                                                      
623 New     0x0270001 2017-11-09 18:07:55 ECT Informational TP VV allocation size warning     Thin provisioned VV VM_srvpro01_DiscoM_paral has reached reserved allocation warning of 40G (80% of 50G)                                                               
624 New     0x0270001 2017-11-10 03:35:02 ECT Informational TP VV allocation size warning     Thin provisioned VV bgr186q04_Disco_X_paral has reached reserved allocation warning of 400G (80% of 500G)                                                              
625 New     0x0270001 2017-11-10 03:58:48 ECT Informational TP VV allocation size warning     Thin provisioned VV VM_srvpro01_DiscoJ_paral has reached reserved allocation warning of 456G (80% of 570G)                                                             
626 New     0x0270001 2017-11-10 04:23:22 ECT Informational TP VV allocation size warning     Thin provisioned VV bgr186q04_DiscoY_paral has reached reserved allocation warning of 480G (80% of 600G)                                                               
627 New     0x0270001 2017-11-10 04:39:22 ECT Informational TP VV allocation size warning     Thin provisioned VV VM_srvpro01_DiscoL_paral has reached reserved allocation warning of 656G (80% of 820G)                                                             
533 New     0x0270001 2017-11-20 20:41:12 ECT Informational TP VV allocation size warning     Thin provisioned VV bgr186a01_DiscoL has reached reserved allocation warning of 240G (80% of 300G)                                                                     
631 New     0x015000d 2017-12-02 20:21:01 ECT Degraded      CLI client process event          Slow disk 103 found, but not marking it failed since its temperature 0 is out of range 20 - 52 deg C                                                                   
621 New     0x0270001 2017-12-13 13:28:53 ECT Informational TP VV allocation size warning     Thin provisioned VV ecbrprq23_DiscoF_CLON has reached reserved allocation warning of 160G (80% of 200G)                                                                
622 New     0x0270001 2017-12-13 13:35:38 ECT Informational TP VV allocation size warning     Thin provisioned VV ecbrprq23_DiscoE_CLON has reached reserved allocation warning of 176G (80% of 220G)                                                                
580 New     0x027000f 2018-01-02 10:07:54 ECT Minor         FC raw space allocation 75% alert Total FC raw space usage at 65579G (above 75% of total 87360G)                                                                                                         
629 New     0x0270001 2018-01-02 15:08:30 ECT Informational TP VV allocation size warning     Thin provisioned VV ecbrprq24_DiscoC has reached reserved allocation warning of 216G (80% of 270G)                                                                     
628 New     0x0270001 2018-01-02 17:43:30 ECT Informational TP VV allocation size warning     Thin provisioned VV DRECBRHCF2_vgfuentes_replica has reached reserved allocation warning of 24G (80% of 30G)                                                           
620 New     0x0270001 2018-01-02 18:23:30 ECT Informational TP VV allocation size warning     Thin provisioned VV VM_srvpro01_DiscoM has reached reserved allocation warning of 40G (80% of 50G)                                                                     
630 New     0x0270001 2018-01-04 00:55:02 ECT Informational TP VV allocation size warning     Thin provisioned VV ecbrprw14_DiscoC_D_Thin has reached reserved allocation warning of 112G (80% of 140G)                                                              
634 New     0x0270001 2018-01-05 06:06:33 ECT Informational TP VV allocation size warning     Thin provisioned VV VM_srvpro01_DiscoK has reached reserved allocation warning of 160G (80% of 200G)                                                                   
588 New     0x0270001 2018-01-06 06:56:35 ECT Informational TP VV allocation size warning     Thin provisioned VV ECBRPRW01_W02_DiscoC has reached reserved allocation warning of 128G (80% of 160G)                                                                 
636 New     0x0270001 2018-01-08 14:48:54 ECT Informational TP VV allocation size warning     Thin provisioned VV ecbrprq35_Disco_C has reached reserved allocation warning of 260G (80% of 325G)                                                                    
518 New     0x0270001 2018-01-08 20:46:37 ECT Informational TP VV allocation size warning     Thin provisioned VV bgr186q04_Disco_X has reached reserved allocation warning of 400G (80% of 500G)                                                                    
557 New     0x0270001 2018-01-08 20:46:37 ECT Informational TP VV allocation size warning     Thin provisioned VV VM_srvpro01_DiscoJ has reached reserved allocation warning of 456G (80% of 570G)                                                                   
553 New     0x0270001 2018-01-08 20:46:37 ECT Informational TP VV allocation size warning     Thin provisioned VV ecbrprq25_DiscoC has reached reserved allocation warning of 588G (80% of 735G)                                                                     
520 New     0x0270001 2018-01-08 20:46:37 ECT Informational TP VV allocation size warning     Thin provisioned VV bgr186e02_Disco_E has reached reserved allocation warning of 240G (80% of 300G)                                                                    
521 New     0x0270001 2018-01-08 20:46:37 ECT Informational TP VV allocation size warning     Thin provisioned VV ecbrprq23_DiscoF has reached reserved allocation warning of 160G (80% of 200G)                                                                     
611 New     0x0270001 2018-01-08 20:46:37 ECT Informational TP VV allocation size warning     Thin provisioned VV VM_srvpro01_DiscoL has reached reserved allocation warning of 656G (80% of 820G)                                                                   
524 New     0x0270001 2018-01-08 20:46:37 ECT Informational TP VV allocation size warning     Thin provisioned VV ecbrprq23_DiscoE has reached reserved allocation warning of 176G (80% of 220G)                                                                     
528 New     0x0270001 2018-01-08 20:46:37 ECT Informational TP VV allocation size warning     Thin provisioned VV ECBRPRW03_DiscoC_Thin has reached reserved allocation warning of 104G (80% of 130G)                                                                
529 New     0x0270001 2018-01-08 20:46:37 ECT Informational TP VV allocation size warning     Thin provisioned VV ECBRPRW04_DiscoC_Thin has reached reserved allocation warning of 64G (80% of 80G)                                                                  
530 New     0x0270001 2018-01-08 20:46:37 ECT Informational TP VV allocation size warning     Thin provisioned VV ECBRPRW20_DiscoC has reached reserved allocation warning of 172.8G (80% of 216G)                                                                   
531 New     0x0270001 2018-01-08 20:46:37 ECT Informational TP VV allocation size warning     Thin provisioned VV bgr186a05_DiscoH has reached reserved allocation warning of 520G (80% of 650G)                                                                     
532 New     0x0270001 2018-01-08 20:46:37 ECT Informational TP VV allocation size warning     Thin provisioned VV bgr186q03_DiscoC_ok has reached reserved allocation warning of 128G (80% of 160G)                                                                  
632 New     0x0270001 2018-01-08 20:46:37 ECT Informational TP VV allocation size warning     Thin provisioned VV bgr186a01_DiscoL has reached reserved allocation warning of 256G (80% of 320G)                                                                     
534 New     0x0270001 2018-01-08 20:46:37 ECT Informational TP VV allocation size warning     Thin provisioned VV bgr186q04_DiscoY has reached reserved allocation warning of 480G (80% of 600G)                                                                     
544 New     0x0270001 2018-01-08 20:46:38 ECT Informational TP VV allocation size warning     Thin provisioned VV ecbpprlnk1_sms_a02_cw3_DiscoC has reached reserved allocation warning of 1229G (80% of 1536G)                                                      
535 New     0x0270001 2018-01-08 20:46:38 ECT Informational TP VV allocation size warning     Thin provisioned VV srvtsw01_DiscoZ_spool has reached reserved allocation warning of 48G (80% of 60G)                                                                  
577 New     0x00e0005 2018-01-09 01:00:05 ECT Major         License key usage                 License feature "Dynamic Optimization" has expired.  You are in violation of your 3PAR License Agreement.  Please contact your 3PAR representative as soon as possible.
---------------------------------------------------------------------------------------------------------------------------------------------------------------------------------------------------------------------------------------------------------------------
 39 alerts                                                                                                                                                                                                                                                           
